#
# A fatal error has been detected by the Java Runtime Environment:
#
#  EXCEPTION_UNCAUGHT_CXX_EXCEPTION (0xe06d7363) at pc=0x00007fff47cc5299, pid=5972, tid=3816
#
# JRE version:  (17.0.3+7) (build )
# Java VM: OpenJDK 64-Bit Server VM (17.0.3+7-b469.37, mixed mode, tiered, compressed oops, compressed class ptrs, g1 gc, windows-amd64)
# Problematic frame:
# C  [KERNELBASE.dll+0x55299]
#
# No core dump will be written. Minidumps are not enabled by default on client versions of Windows
#
#

---------------  S U M M A R Y ------------

Command Line: git4idea.http.GitAskPassApp Username for 'https://github.com': 

Host: AMD A8-9600 RADEON R7, 10 COMPUTE CORES 4C+6G  , 4 cores, 3G,  Windows 10 , 64 bit Build 17763 (10.0.17763.1)
Time: Tue Nov  8 13:17:44 2022 Hora estándar de Argentina elapsed time: 0.395028 seconds (0d 0h 0m 0s)

---------------  T H R E A D  ---------------

Current thread (0x000002e359d86340):  JavaThread "main" [_thread_in_vm, id=3816, stack(0x000000f701f00000,0x000000f702000000)]

Stack: [0x000000f701f00000,0x000000f702000000],  sp=0x000000f701ffd120,  free space=1012k
Native frames: (J=compiled Java code, j=interpreted, Vv=VM code, C=native code)
C  [KERNELBASE.dll+0x55299]
C  [VCRUNTIME140.dll+0x6480]
C  [jimage.dll+0x32a3]
C  [jimage.dll+0x2a1d]
C  [jimage.dll+0x145b]
C  [jimage.dll+0x1e9f]
C  [jimage.dll+0x1f36]
C  [jimage.dll+0x266e]
V  [jvm.dll+0x1f521d]
V  [jvm.dll+0x1f3e32]
V  [jvm.dll+0x7b837b]
V  [jvm.dll+0x7b97c2]
V  [jvm.dll+0x7b9af8]
V  [jvm.dll+0x240f1e]
V  [jvm.dll+0x24116f]
V  [jvm.dll+0x564bd8]
V  [jvm.dll+0x567ad0]
V  [jvm.dll+0x387cb7]
V  [jvm.dll+0x38730f]
C  0x000002e35d4ea56c

Java frames: (J=compiled Java code, j=interpreted, Vv=VM code)
j  jdk.internal.access.SharedSecrets.<clinit>()V+0 java.base
v  ~StubRoutines::call_stub
j  java.lang.reflect.AccessibleObject.<clinit>()V+7 java.base
v  ~StubRoutines::call_stub

siginfo: EXCEPTION_UNCAUGHT_CXX_EXCEPTION (0xe06d7363), ExceptionInformation=0x0000000019930520 0x000000f701ffd280 0x00007fff32c15198 0x00007fff32c10000 


Register to memory mapping:

RIP=0x00007fff47cc5299 KERNELBASE.dll
RAX=0x00007fff23a21a48 jvm.dll
RBX=0x00007fff32c15198 jimage.dll
RCX=0x000002e370d67df0 is pointing into metadata
RDX=0x0000000000000001 is an unknown value
RSP=0x000000f701ffd120 is pointing into the stack for thread: 0x000002e359d86340
RBP=0x000000f701ffd3b0 is pointing into the stack for thread: 0x000002e359d86340
RSI=0x000000f701ffd280 is pointing into the stack for thread: 0x000002e359d86340
RDI=0x0000000019930520 is an unknown value
R8 =0x000002e300000002 is an unknown value
R9 =0x000002e359d8ceb0 points into unknown readable memory: 0x0000000000000000 | 00 00 00 00 00 00 00 00
R10=0x0000000100000002 is pointing into metadata
R11=0x000002e359d86340 is a thread
R12=0x000000000000dc54 is an unknown value
R13=0x000002e359d86820 points into unknown readable memory: 0x6e616c2f6176616a | 6a 61 76 61 2f 6c 61 6e
R14=0x000002e370a28020 points into unknown readable memory: 0x0000000000000000 | 00 00 00 00 00 00 00 00
R15=0x000002e370a28020 points into unknown readable memory: 0x0000000000000000 | 00 00 00 00 00 00 00 00


Registers:
RAX=0x00007fff23a21a48, RBX=0x00007fff32c15198, RCX=0x000002e370d67df0, RDX=0x0000000000000001
RSP=0x000000f701ffd120, RBP=0x000000f701ffd3b0, RSI=0x000000f701ffd280, RDI=0x0000000019930520
R8 =0x000002e300000002, R9 =0x000002e359d8ceb0, R10=0x0000000100000002, R11=0x000002e359d86340
R12=0x000000000000dc54, R13=0x000002e359d86820, R14=0x000002e370a28020, R15=0x000002e370a28020
RIP=0x00007fff47cc5299, EFLAGS=0x0000000000000206

Top of Stack: (sp=0x000000f701ffd120)
0x000000f701ffd120:   00000000000003ff 00007fff32c15198
0x000000f701ffd130:   000000f701ffd280 0000000019930520
0x000000f701ffd140:   00000001e06d7363 0000000000000000
0x000000f701ffd150:   00007fff47cc5299 0000000000000004
0x000000f701ffd160:   0000000019930520 000000f701ffd280
0x000000f701ffd170:   00007fff32c15198 00007fff32c10000
0x000000f701ffd180:   000002e359d86820 000000000000dc54
0x000000f701ffd190:   0000000019930520 000000f701ffd280
0x000000f701ffd1a0:   000000f701ffd3b0 00007fff4aef469f
0x000000f701ffd1b0:   000000f701ffd220 000000f700000000
0x000000f701ffd1c0:   000002e300000000 00007fff4aededa0
0x000000f701ffd1d0:   00007fff32c17000 00007fff32c10000
0x000000f701ffd1e0:   00008d67b71dc41e 00007fff4aededa0
0x000000f701ffd1f0:   00007fff32c15198 00007fff32936480
0x000000f701ffd200:   00008b6febfcac02 00007fff47b61ce1
0x000000f701ffd210:   000002e39900059c 00007fff47b6ce91 

Instructions: (pc=0x00007fff47cc5299)
0x00007fff47cc5199:   8d 4d c0 48 ff 15 45 59 14 00 0f 1f 44 00 00 4c
0x00007fff47cc51a9:   8d 4d b0 48 8b d7 4c 8d 45 c0 48 8d 4d d0 e8 94
0x00007fff47cc51b9:   1a fe ff 4c 8b 45 b0 e9 5b ff ff ff 8b 41 10 48
0x00007fff47cc51c9:   8b 51 08 f7 d8 48 8b 05 a3 8a 20 00 1b c9 c7 45
0x00007fff47cc51d9:   d0 30 00 00 00 83 e1 02 48 89 5d d8 89 4d e8 48
0x00007fff47cc51e9:   89 5d e0 48 89 55 f0 48 89 5d f8 48 85 c0 74 0a
0x00007fff47cc51f9:   48 8d 4d d0 ff 15 15 6e 14 00 4c 8d 45 d0 e9 12
0x00007fff47cc5209:   ff ff ff b9 b7 00 00 00 e9 4f ff ff ff 8b c8 e8
0x00007fff47cc5219:   d3 b6 fd ff e9 53 ff ff ff cc cc cc cc cc cc cc
0x00007fff47cc5229:   cc cc cc cc cc cc cc 48 81 ec d8 00 00 00 48 8b
0x00007fff47cc5239:   05 72 5e 20 00 48 33 c4 48 89 84 24 c0 00 00 00
0x00007fff47cc5249:   48 83 64 24 28 00 48 8d 05 da ff ff ff 83 e2 01
0x00007fff47cc5259:   89 4c 24 20 89 54 24 24 48 89 44 24 30 4d 85 c9
0x00007fff47cc5269:   74 4b b8 0f 00 00 00 48 8d 4c 24 40 44 3b c0 49
0x00007fff47cc5279:   8b d1 44 0f 47 c0 44 89 44 24 38 49 c1 e0 03 e8
0x00007fff47cc5289:   0a 42 03 00 48 8d 4c 24 20 48 ff 15 ef 5f 14 00
0x00007fff47cc5299:   0f 1f 44 00 00 48 8b 8c 24 c0 00 00 00 48 33 cc
0x00007fff47cc52a9:   e8 22 0e 03 00 48 81 c4 d8 00 00 00 c3 83 64 24
0x00007fff47cc52b9:   38 00 eb d0 cc cc cc cc cc cc cc cc cc cc cc cc
0x00007fff47cc52c9:   cc cc cc cc cc cc cc 33 d2 e9 09 00 00 00 cc cc
0x00007fff47cc52d9:   cc cc cc cc cc cc cc 89 54 24 10 4c 8b dc 53 56
0x00007fff47cc52e9:   57 48 81 ec 80 00 00 00 8b da 8b f9 49 c7 43 98
0x00007fff47cc52f9:   48 00 00 00 c7 44 24 38 01 00 00 00 33 c0 49 89
0x00007fff47cc5309:   43 a8 49 89 43 b0 49 89 43 b8 49 89 43 c0 49 89
0x00007fff47cc5319:   43 c8 49 89 43 d0 49 89 43 d8 49 8d 4b 20 48 ff
0x00007fff47cc5329:   15 0a 69 14 00 0f 1f 44 00 00 89 84 24 b0 00 00
0x00007fff47cc5339:   00 85 c0 0f 89 70 17 05 00 33 f6 48 8b 94 24 b8
0x00007fff47cc5349:   00 00 00 85 db 0f 85 92 00 00 00 83 ff ff 74 43
0x00007fff47cc5359:   48 69 cf 10 27 00 00 48 89 4c 24 20 48 f7 d9 48
0x00007fff47cc5369:   89 4c 24 20 48 85 d2 75 38 48 8d 54 24 20 0f b6
0x00007fff47cc5379:   cb 48 ff 15 6f 67 14 00 0f 1f 44 00 00 8b f8 89
0x00007fff47cc5389:   84 24 b0 00 00 00 85 db 74 28 3d 01 01 00 00 75 


Stack slot to memory mapping:
stack at sp + 0 slots: 0x00000000000003ff is an unknown value
stack at sp + 1 slots: 0x00007fff32c15198 jimage.dll
stack at sp + 2 slots: 0x000000f701ffd280 is pointing into the stack for thread: 0x000002e359d86340
stack at sp + 3 slots: 0x0000000019930520 is an unknown value
stack at sp + 4 slots: 0x00000001e06d7363 is an unknown value
stack at sp + 5 slots: 0x0 is NULL
stack at sp + 6 slots: 0x00007fff47cc5299 KERNELBASE.dll
stack at sp + 7 slots: 0x0000000000000004 is an unknown value


---------------  P R O C E S S  ---------------

Threads class SMR info:
_java_thread_list=0x000002e370a0ac80, length=1, elements={
0x000002e359d86340
}

Java Threads: ( => current thread )
=>0x000002e359d86340 JavaThread "main" [_thread_in_vm, id=3816, stack(0x000000f701f00000,0x000000f702000000)]

Other Threads:
  0x000002e370a0add0 VMThread "VM Thread" [stack: 0x000000f702500000,0x000000f702600000] [id=3400]
  0x000002e359dbd8b0 GCTaskThread "GC Thread#0" [stack: 0x000000f702000000,0x000000f702100000] [id=2664]
  0x000002e359dc5580 ConcurrentGCThread "G1 Main Marker" [stack: 0x000000f702100000,0x000000f702200000] [id=1020]
  0x000002e359dc6a60 ConcurrentGCThread "G1 Conc#0" [stack: 0x000000f702200000,0x000000f702300000] [id=5796]
  0x000002e359e3d950 ConcurrentGCThread "G1 Refine#0" [stack: 0x000000f702300000,0x000000f702400000] [id=5568]
  0x000002e359e3e280 ConcurrentGCThread "G1 Service" [stack: 0x000000f702400000,0x000000f702500000] [id=3556]

Threads with active compile tasks:

VM state: not at safepoint (normal execution)

VM Mutex/Monitor currently owned by a thread: None

Heap address: 0x00000000c8c00000, size: 884 MB, Compressed Oops mode: 32-bit

CDS archive(s) not mapped
Compressed class space mapped at: 0x0000000100000000-0x0000000140000000, reserved size: 1073741824
Narrow klass base: 0x0000000000000000, Narrow klass shift: 3, Narrow klass range: 0x140000000

GC Precious Log:
 CPUs: 4 total, 4 available
 Memory: 3535M
 Large Page Support: Disabled
 NUMA Support: Disabled
 Compressed Oops: Enabled (32-bit)
 Heap Region Size: 1M
 Heap Min Capacity: 8M
 Heap Initial Capacity: 56M
 Heap Max Capacity: 884M
 Pre-touch: Disabled
 Parallel Workers: 4
 Concurrent Workers: 1
 Concurrent Refinement Workers: 4
 Periodic GC: Disabled

Heap:
 garbage-first heap   total 57344K, used 0K [0x00000000c8c00000, 0x0000000100000000)
  region size 1024K, 1 young (1024K), 0 survivors (0K)
 Metaspace       used 1606K, committed 1728K, reserved 1056768K
  class space    used 128K, committed 192K, reserved 1048576K

Heap Regions: E=young(eden), S=young(survivor), O=old, HS=humongous(starts), HC=humongous(continues), CS=collection set, F=free, OA=open archive, CA=closed archive, TAMS=top-at-mark-start (previous, next)
|   0|0x00000000c8c00000, 0x00000000c8c00000, 0x00000000c8d00000|  0%| F|  |TAMS 0x00000000c8c00000, 0x00000000c8c00000| Untracked 
|   1|0x00000000c8d00000, 0x00000000c8d00000, 0x00000000c8e00000|  0%| F|  |TAMS 0x00000000c8d00000, 0x00000000c8d00000| Untracked 
|   2|0x00000000c8e00000, 0x00000000c8e00000, 0x00000000c8f00000|  0%| F|  |TAMS 0x00000000c8e00000, 0x00000000c8e00000| Untracked 
|   3|0x00000000c8f00000, 0x00000000c8f00000, 0x00000000c9000000|  0%| F|  |TAMS 0x00000000c8f00000, 0x00000000c8f00000| Untracked 
|   4|0x00000000c9000000, 0x00000000c9000000, 0x00000000c9100000|  0%| F|  |TAMS 0x00000000c9000000, 0x00000000c9000000| Untracked 
|   5|0x00000000c9100000, 0x00000000c9100000, 0x00000000c9200000|  0%| F|  |TAMS 0x00000000c9100000, 0x00000000c9100000| Untracked 
|   6|0x00000000c9200000, 0x00000000c9200000, 0x00000000c9300000|  0%| F|  |TAMS 0x00000000c9200000, 0x00000000c9200000| Untracked 
|   7|0x00000000c9300000, 0x00000000c9300000, 0x00000000c9400000|  0%| F|  |TAMS 0x00000000c9300000, 0x00000000c9300000| Untracked 
|   8|0x00000000c9400000, 0x00000000c9400000, 0x00000000c9500000|  0%| F|  |TAMS 0x00000000c9400000, 0x00000000c9400000| Untracked 
|   9|0x00000000c9500000, 0x00000000c9500000, 0x00000000c9600000|  0%| F|  |TAMS 0x00000000c9500000, 0x00000000c9500000| Untracked 
|  10|0x00000000c9600000, 0x00000000c9600000, 0x00000000c9700000|  0%| F|  |TAMS 0x00000000c9600000, 0x00000000c9600000| Untracked 
|  11|0x00000000c9700000, 0x00000000c9700000, 0x00000000c9800000|  0%| F|  |TAMS 0x00000000c9700000, 0x00000000c9700000| Untracked 
|  12|0x00000000c9800000, 0x00000000c9800000, 0x00000000c9900000|  0%| F|  |TAMS 0x00000000c9800000, 0x00000000c9800000| Untracked 
|  13|0x00000000c9900000, 0x00000000c9900000, 0x00000000c9a00000|  0%| F|  |TAMS 0x00000000c9900000, 0x00000000c9900000| Untracked 
|  14|0x00000000c9a00000, 0x00000000c9a00000, 0x00000000c9b00000|  0%| F|  |TAMS 0x00000000c9a00000, 0x00000000c9a00000| Untracked 
|  15|0x00000000c9b00000, 0x00000000c9b00000, 0x00000000c9c00000|  0%| F|  |TAMS 0x00000000c9b00000, 0x00000000c9b00000| Untracked 
|  16|0x00000000c9c00000, 0x00000000c9c00000, 0x00000000c9d00000|  0%| F|  |TAMS 0x00000000c9c00000, 0x00000000c9c00000| Untracked 
|  17|0x00000000c9d00000, 0x00000000c9d00000, 0x00000000c9e00000|  0%| F|  |TAMS 0x00000000c9d00000, 0x00000000c9d00000| Untracked 
|  18|0x00000000c9e00000, 0x00000000c9e00000, 0x00000000c9f00000|  0%| F|  |TAMS 0x00000000c9e00000, 0x00000000c9e00000| Untracked 
|  19|0x00000000c9f00000, 0x00000000c9f00000, 0x00000000ca000000|  0%| F|  |TAMS 0x00000000c9f00000, 0x00000000c9f00000| Untracked 
|  20|0x00000000ca000000, 0x00000000ca000000, 0x00000000ca100000|  0%| F|  |TAMS 0x00000000ca000000, 0x00000000ca000000| Untracked 
|  21|0x00000000ca100000, 0x00000000ca100000, 0x00000000ca200000|  0%| F|  |TAMS 0x00000000ca100000, 0x00000000ca100000| Untracked 
|  22|0x00000000ca200000, 0x00000000ca200000, 0x00000000ca300000|  0%| F|  |TAMS 0x00000000ca200000, 0x00000000ca200000| Untracked 
|  23|0x00000000ca300000, 0x00000000ca300000, 0x00000000ca400000|  0%| F|  |TAMS 0x00000000ca300000, 0x00000000ca300000| Untracked 
|  24|0x00000000ca400000, 0x00000000ca400000, 0x00000000ca500000|  0%| F|  |TAMS 0x00000000ca400000, 0x00000000ca400000| Untracked 
|  25|0x00000000ca500000, 0x00000000ca500000, 0x00000000ca600000|  0%| F|  |TAMS 0x00000000ca500000, 0x00000000ca500000| Untracked 
|  26|0x00000000ca600000, 0x00000000ca600000, 0x00000000ca700000|  0%| F|  |TAMS 0x00000000ca600000, 0x00000000ca600000| Untracked 
|  27|0x00000000ca700000, 0x00000000ca700000, 0x00000000ca800000|  0%| F|  |TAMS 0x00000000ca700000, 0x00000000ca700000| Untracked 
|  28|0x00000000ca800000, 0x00000000ca800000, 0x00000000ca900000|  0%| F|  |TAMS 0x00000000ca800000, 0x00000000ca800000| Untracked 
|  29|0x00000000ca900000, 0x00000000ca900000, 0x00000000caa00000|  0%| F|  |TAMS 0x00000000ca900000, 0x00000000ca900000| Untracked 
|  30|0x00000000caa00000, 0x00000000caa00000, 0x00000000cab00000|  0%| F|  |TAMS 0x00000000caa00000, 0x00000000caa00000| Untracked 
|  31|0x00000000cab00000, 0x00000000cab00000, 0x00000000cac00000|  0%| F|  |TAMS 0x00000000cab00000, 0x00000000cab00000| Untracked 
|  32|0x00000000cac00000, 0x00000000cac00000, 0x00000000cad00000|  0%| F|  |TAMS 0x00000000cac00000, 0x00000000cac00000| Untracked 
|  33|0x00000000cad00000, 0x00000000cad00000, 0x00000000cae00000|  0%| F|  |TAMS 0x00000000cad00000, 0x00000000cad00000| Untracked 
|  34|0x00000000cae00000, 0x00000000cae00000, 0x00000000caf00000|  0%| F|  |TAMS 0x00000000cae00000, 0x00000000cae00000| Untracked 
|  35|0x00000000caf00000, 0x00000000caf00000, 0x00000000cb000000|  0%| F|  |TAMS 0x00000000caf00000, 0x00000000caf00000| Untracked 
|  36|0x00000000cb000000, 0x00000000cb000000, 0x00000000cb100000|  0%| F|  |TAMS 0x00000000cb000000, 0x00000000cb000000| Untracked 
|  37|0x00000000cb100000, 0x00000000cb100000, 0x00000000cb200000|  0%| F|  |TAMS 0x00000000cb100000, 0x00000000cb100000| Untracked 
|  38|0x00000000cb200000, 0x00000000cb200000, 0x00000000cb300000|  0%| F|  |TAMS 0x00000000cb200000, 0x00000000cb200000| Untracked 
|  39|0x00000000cb300000, 0x00000000cb300000, 0x00000000cb400000|  0%| F|  |TAMS 0x00000000cb300000, 0x00000000cb300000| Untracked 
|  40|0x00000000cb400000, 0x00000000cb400000, 0x00000000cb500000|  0%| F|  |TAMS 0x00000000cb400000, 0x00000000cb400000| Untracked 
|  41|0x00000000cb500000, 0x00000000cb500000, 0x00000000cb600000|  0%| F|  |TAMS 0x00000000cb500000, 0x00000000cb500000| Untracked 
|  42|0x00000000cb600000, 0x00000000cb600000, 0x00000000cb700000|  0%| F|  |TAMS 0x00000000cb600000, 0x00000000cb600000| Untracked 
|  43|0x00000000cb700000, 0x00000000cb700000, 0x00000000cb800000|  0%| F|  |TAMS 0x00000000cb700000, 0x00000000cb700000| Untracked 
|  44|0x00000000cb800000, 0x00000000cb800000, 0x00000000cb900000|  0%| F|  |TAMS 0x00000000cb800000, 0x00000000cb800000| Untracked 
|  45|0x00000000cb900000, 0x00000000cb900000, 0x00000000cba00000|  0%| F|  |TAMS 0x00000000cb900000, 0x00000000cb900000| Untracked 
|  46|0x00000000cba00000, 0x00000000cba00000, 0x00000000cbb00000|  0%| F|  |TAMS 0x00000000cba00000, 0x00000000cba00000| Untracked 
|  47|0x00000000cbb00000, 0x00000000cbb00000, 0x00000000cbc00000|  0%| F|  |TAMS 0x00000000cbb00000, 0x00000000cbb00000| Untracked 
|  48|0x00000000cbc00000, 0x00000000cbc00000, 0x00000000cbd00000|  0%| F|  |TAMS 0x00000000cbc00000, 0x00000000cbc00000| Untracked 
|  49|0x00000000cbd00000, 0x00000000cbd00000, 0x00000000cbe00000|  0%| F|  |TAMS 0x00000000cbd00000, 0x00000000cbd00000| Untracked 
|  50|0x00000000cbe00000, 0x00000000cbe00000, 0x00000000cbf00000|  0%| F|  |TAMS 0x00000000cbe00000, 0x00000000cbe00000| Untracked 
|  51|0x00000000cbf00000, 0x00000000cbf00000, 0x00000000cc000000|  0%| F|  |TAMS 0x00000000cbf00000, 0x00000000cbf00000| Untracked 
|  52|0x00000000cc000000, 0x00000000cc000000, 0x00000000cc100000|  0%| F|  |TAMS 0x00000000cc000000, 0x00000000cc000000| Untracked 
|  53|0x00000000cc100000, 0x00000000cc100000, 0x00000000cc200000|  0%| F|  |TAMS 0x00000000cc100000, 0x00000000cc100000| Untracked 
|  54|0x00000000cc200000, 0x00000000cc200000, 0x00000000cc300000|  0%| F|  |TAMS 0x00000000cc200000, 0x00000000cc200000| Untracked 
|  55|0x00000000cc300000, 0x00000000cc342960, 0x00000000cc400000| 26%| E|  |TAMS 0x00000000cc300000, 0x00000000cc300000| Complete 

Card table byte_map: [0x000002e36c4d0000,0x000002e36c690000] _byte_map_base: 0x000002e36be8a000

Marking Bits (Prev, Next): (CMBitMap*) 0x000002e359dbddd0, (CMBitMap*) 0x000002e359dbde10
 Prev Bits: [0x000002e36c850000, 0x000002e36d620000)
 Next Bits: [0x000002e36d620000, 0x000002e36e3f0000)

Polling page: 0x000002e357c70000

Metaspace:

Usage:
  Non-class:      1.44 MB used.
      Class:    128.53 KB used.
       Both:      1.57 MB used.

Virtual space:
  Non-class space:        8.00 MB reserved,       1.50 MB ( 19%) committed,  1 nodes.
      Class space:        1.00 GB reserved,     192.00 KB ( <1%) committed,  1 nodes.
             Both:        1.01 GB reserved,       1.69 MB ( <1%) committed. 

Chunk freelists:
   Non-Class:  0 bytes
       Class:  3.75 MB
        Both:  3.75 MB

MaxMetaspaceSize: unlimited
CompressedClassSpaceSize: 1.00 GB
Initial GC threshold: 21.00 MB
Current GC threshold: 17179869184.00 GB
CDS: off
MetaspaceReclaimPolicy: balanced
 - commit_granule_bytes: 65536.
 - commit_granule_words: 8192.
 - virtual_space_node_default_size: 1048576.
 - enlarge_chunks_in_place: 1.
 - new_chunks_are_fully_committed: 0.
 - uncommit_free_chunks: 1.
 - use_allocation_guard: 0.
 - handle_deallocations: 1.


Internal statistics:

num_allocs_failed_limit: 0.
num_arena_births: 2.
num_arena_deaths: 0.
num_vsnodes_births: 2.
num_vsnodes_deaths: 0.
num_space_committed: 27.
num_space_uncommitted: 0.
num_chunks_returned_to_freelist: 0.
num_chunks_taken_from_freelist: 3.
num_chunk_merges: 0.
num_chunk_splits: 1.
num_chunks_enlarged: 0.
num_purges: 0.
num_inconsistent_stats: 0.

CodeHeap 'non-profiled nmethods': size=120000Kb used=0Kb max_used=0Kb free=120000Kb
 bounds [0x000002e364fa0000, 0x000002e365210000, 0x000002e36c4d0000]
CodeHeap 'profiled nmethods': size=120000Kb used=0Kb max_used=0Kb free=120000Kb
 bounds [0x000002e35da70000, 0x000002e35dce0000, 0x000002e364fa0000]
CodeHeap 'non-nmethods': size=5760Kb used=336Kb max_used=336Kb free=5423Kb
 bounds [0x000002e35d4d0000, 0x000002e35d740000, 0x000002e35da70000]
 total_blobs=114 nmethods=0 adapters=88
 compilation: enabled
              stopped_count=0, restarted_count=0
 full_count=0

Compilation events (0 events):
No events

GC Heap History (0 events):
No events

Deoptimization events (0 events):
No events

Classes unloaded (0 events):
No events

Classes redefined (0 events):
No events

Internal exceptions (0 events):
No events

VM Operations (0 events):
No events

Events (20 events):
Event: 0.320 loading class java/util/Objects done
Event: 0.321 loading class java/util/ImmutableCollections
Event: 0.321 loading class java/util/ImmutableCollections done
Event: 0.321 loading class java/util/ImmutableCollections$ListN
Event: 0.321 loading class java/util/ImmutableCollections$AbstractImmutableList
Event: 0.321 loading class java/util/ImmutableCollections$AbstractImmutableList done
Event: 0.321 loading class java/util/ImmutableCollections$ListN done
Event: 0.321 loading class java/util/ImmutableCollections$SetN
Event: 0.321 loading class java/util/ImmutableCollections$SetN done
Event: 0.321 loading class java/util/ImmutableCollections$MapN
Event: 0.321 loading class java/util/ImmutableCollections$AbstractImmutableMap
Event: 0.321 loading class java/util/ImmutableCollections$AbstractImmutableMap done
Event: 0.321 loading class java/util/ImmutableCollections$MapN done
Event: 0.322 loading class java/lang/reflect/ReflectAccess
Event: 0.322 loading class jdk/internal/access/JavaLangReflectAccess
Event: 0.324 loading class jdk/internal/access/JavaLangReflectAccess done
Event: 0.324 loading class java/lang/reflect/ReflectAccess done
Event: 0.325 loading class jdk/internal/access/SharedSecrets
Event: 0.325 loading class jdk/internal/access/SharedSecrets done
Event: 0.325 loading class java/lang/invoke/MethodHandles


Dynamic libraries:
0x00007ff612e30000 - 0x00007ff612e3a000 	C:\Program Files\JetBrains\IntelliJ IDEA Community Edition 2022.2.1\jbr\bin\java.exe
0x00007fff4ae80000 - 0x00007fff4b06d000 	C:\Windows\SYSTEM32\ntdll.dll
0x00007fff48510000 - 0x00007fff485c3000 	C:\Windows\System32\KERNEL32.DLL
0x00007fff47c70000 - 0x00007fff47f03000 	C:\Windows\System32\KERNELBASE.dll
0x00007fff47b50000 - 0x00007fff47c4c000 	C:\Windows\System32\ucrtbase.dll
0x00007fff32f70000 - 0x00007fff32f87000 	C:\Program Files\JetBrains\IntelliJ IDEA Community Edition 2022.2.1\jbr\bin\jli.dll
0x00007fff49fe0000 - 0x00007fff4a177000 	C:\Windows\System32\USER32.dll
0x00007fff473e0000 - 0x00007fff47400000 	C:\Windows\System32\win32u.dll
0x00007fff4ac70000 - 0x00007fff4ac99000 	C:\Windows\System32\GDI32.dll
0x00007fff38fb0000 - 0x00007fff39229000 	C:\Windows\WinSxS\amd64_microsoft.windows.common-controls_6595b64144ccf1df_6.0.17763.1_none_f040600eff408c2d\COMCTL32.dll
0x00007fff47f10000 - 0x00007fff480aa000 	C:\Windows\System32\gdi32full.dll
0x00007fff4abc0000 - 0x00007fff4ac5e000 	C:\Windows\System32\msvcrt.dll
0x00007fff47340000 - 0x00007fff473e0000 	C:\Windows\System32\msvcp_win.dll
0x00007fff4a2d0000 - 0x00007fff4a5fe000 	C:\Windows\System32\combase.dll
0x00007fff4a180000 - 0x00007fff4a2a3000 	C:\Windows\System32\RPCRT4.dll
0x00007fff47290000 - 0x00007fff4730e000 	C:\Windows\System32\bcryptPrimitives.dll
0x00007fff32930000 - 0x00007fff3294b000 	C:\Program Files\JetBrains\IntelliJ IDEA Community Edition 2022.2.1\jbr\bin\VCRUNTIME140.dll
0x00007fff49ac0000 - 0x00007fff49aee000 	C:\Windows\System32\IMM32.DLL
0x00007fff3b530000 - 0x00007fff3b53c000 	C:\Program Files\JetBrains\IntelliJ IDEA Community Edition 2022.2.1\jbr\bin\vcruntime140_1.dll
0x00007fff29df0000 - 0x00007fff29e7d000 	C:\Program Files\JetBrains\IntelliJ IDEA Community Edition 2022.2.1\jbr\bin\msvcp140.dll
0x00007fff237d0000 - 0x00007fff24438000 	C:\Program Files\JetBrains\IntelliJ IDEA Community Edition 2022.2.1\jbr\bin\server\jvm.dll
0x00007fff48460000 - 0x00007fff48503000 	C:\Windows\System32\ADVAPI32.dll
0x00007fff4a9f0000 - 0x00007fff4aa8e000 	C:\Windows\System32\sechost.dll
0x00007fff4ac60000 - 0x00007fff4ac68000 	C:\Windows\System32\PSAPI.DLL
0x00007fff32db0000 - 0x00007fff32db9000 	C:\Windows\SYSTEM32\WSOCK32.dll
0x00007fff43e60000 - 0x00007fff43e84000 	C:\Windows\SYSTEM32\WINMM.dll
0x00007fff49f70000 - 0x00007fff49fdd000 	C:\Windows\System32\WS2_32.dll
0x00007fff40fc0000 - 0x00007fff40fca000 	C:\Windows\SYSTEM32\VERSION.dll
0x00007fff43e30000 - 0x00007fff43e5d000 	C:\Windows\SYSTEM32\WINMMBASE.dll
0x00007fff46f50000 - 0x00007fff46f9a000 	C:\Windows\System32\cfgmgr32.dll
0x00007fff46ea0000 - 0x00007fff46eb1000 	C:\Windows\System32\kernel.appcore.dll
0x00007fff32c10000 - 0x00007fff32c1a000 	C:\Program Files\JetBrains\IntelliJ IDEA Community Edition 2022.2.1\jbr\bin\jimage.dll
0x00007fff41e10000 - 0x00007fff41ffd000 	C:\Windows\SYSTEM32\DBGHELP.DLL
0x00007fff319a0000 - 0x00007fff319ca000 	C:\Windows\SYSTEM32\dbgcore.DLL
0x00007fff31930000 - 0x00007fff31955000 	C:\Program Files\JetBrains\IntelliJ IDEA Community Edition 2022.2.1\jbr\bin\java.dll
0x00007fff328d0000 - 0x00007fff328e8000 	C:\Program Files\JetBrains\IntelliJ IDEA Community Edition 2022.2.1\jbr\bin\zip.dll

dbghelp: loaded successfully - version: 4.0.5 - missing functions: none
symbol engine: initialized successfully - sym options: 0x614 - pdb path: .;C:\Program Files\JetBrains\IntelliJ IDEA Community Edition 2022.2.1\jbr\bin;C:\Windows\SYSTEM32;C:\Windows\WinSxS\amd64_microsoft.windows.common-controls_6595b64144ccf1df_6.0.17763.1_none_f040600eff408c2d;C:\Program Files\JetBrains\IntelliJ IDEA Community Edition 2022.2.1\jbr\bin\server

VM Arguments:
java_command: git4idea.http.GitAskPassApp Username for 'https://github.com': 
java_class_path (initial): C:/Program Files/JetBrains/IntelliJ IDEA Community Edition 2022.2.1/plugins/git4idea/lib/git4idea-rt.jar;C:/Program Files/JetBrains/IntelliJ IDEA Community Edition 2022.2.1/lib/externalProcess-rt.jar;C:/Program Files/JetBrains/IntelliJ IDEA Community Edition 2022.2.1/lib/app.jar;C:/Program Files/JetBrains/IntelliJ IDEA Community Edition 2022.2.1/lib/3rd-party-rt.jar
Launcher Type: SUN_STANDARD

[Global flags]
     intx CICompilerCount                          = 3                                         {product} {ergonomic}
     uint ConcGCThreads                            = 1                                         {product} {ergonomic}
     uint G1ConcRefinementThreads                  = 4                                         {product} {ergonomic}
   size_t G1HeapRegionSize                         = 1048576                                   {product} {ergonomic}
    uintx GCDrainStackTargetSize                   = 64                                        {product} {ergonomic}
   size_t InitialHeapSize                          = 58720256                                  {product} {ergonomic}
   size_t MarkStackSize                            = 4194304                                   {product} {ergonomic}
   size_t MaxHeapSize                              = 926941184                                 {product} {ergonomic}
   size_t MaxNewSize                               = 555745280                                 {product} {ergonomic}
   size_t MinHeapDeltaBytes                        = 1048576                                   {product} {ergonomic}
   size_t MinHeapSize                              = 8388608                                   {product} {ergonomic}
    uintx NonNMethodCodeHeapSize                   = 5832780                                {pd product} {ergonomic}
    uintx NonProfiledCodeHeapSize                  = 122912730                              {pd product} {ergonomic}
    uintx ProfiledCodeHeapSize                     = 122912730                              {pd product} {ergonomic}
    uintx ReservedCodeCacheSize                    = 251658240                              {pd product} {ergonomic}
     bool SegmentedCodeCache                       = true                                      {product} {ergonomic}
   size_t SoftMaxHeapSize                          = 926941184                              {manageable} {ergonomic}
     bool UseCompressedClassPointers               = true                           {product lp64_product} {ergonomic}
     bool UseCompressedOops                        = true                           {product lp64_product} {ergonomic}
     bool UseG1GC                                  = true                                      {product} {ergonomic}
     bool UseLargePagesIndividualAllocation        = false                                  {pd product} {ergonomic}

Logging:
Log output configuration:
 #0: stdout all=warning uptime,level,tags
 #1: stderr all=off uptime,level,tags

Environment Variables:
PATH=C:\Program Files\Git\mingw64\libexec\git-core;C:\Program Files\Git\mingw64\libexec\git-core;C:\Program Files\Git\mingw64\bin;C:\Program Files\Git\usr\bin;C:\Users\usuario\bin;C:\Program Files\Common Files\Oracle\Java\javapath;C:\Program Files (x86)\Common Files\Oracle\Java\javapath;C:\Windows\system32;C:\Windows;C:\Windows\System32\Wbem;C:\Windows\System32\WindowsPowerShell\v1.0;C:\Windows\System32\OpenSSH;C:\Program Files\swipl\bin;C:\Program Files\Git\cmd;C:\MinGW\include;C:\MinGW\bin;C:\FPC\3.2.2\bin\i386-Win32;C:\Users\usuario\AppData\Local\Microsoft\WindowsApps;C:\Program Files\JetBrains\IntelliJ IDEA Community Edition 2022.2.1\bin;C:\Users\usuario\AppData\Local\Programs\Microsoft VS Code\bin;C:\MinGW\include;C:\MinGW\bin
USERNAME=usuario
DISPLAY=:0.0
LC_ALL=en_US.UTF-8
OS=Windows_NT
PROCESSOR_IDENTIFIER=AMD64 Family 21 Model 101 Stepping 1, AuthenticAMD



---------------  S Y S T E M  ---------------

OS:
 Windows 10 , 64 bit Build 17763 (10.0.17763.1)
OS uptime: 0 days 1:03 hours

CPU: total 4 (initial active 4) (4 cores per cpu, 1 threads per core) family 21 model 101 stepping 1 microcode 0x0, cx8, cmov, fxsr, mmx, 3dnowpref, sse, sse2, sse3, ssse3, sse4a, sse4.1, sse4.2, popcnt, lzcnt, tsc, tscinvbit, avx, avx2, aes, clmul, bmi1, bmi2, fma, vzeroupper, clflush

Memory: 4k page, system-wide physical 3535M (317M free)
TotalPageFile size 3535M (AvailPageFile size 2M)
current process WorkingSet (physical memory assigned to process): 17M, peak: 17M
current process commit charge ("private bytes"): 113M, peak: 113M

vm_info: OpenJDK 64-Bit Server VM (17.0.3+7-b469.37) for windows-amd64 JRE (17.0.3+7-b469.37), built on 2022-08-01 by "builduser" with MS VC++ 16.10 / 16.11 (VS2019)

END.
